<?xml version="1.0" encoding="UTF-8"?>
<!-- Generated by org.testng.reporters.JUnitXMLReporter -->
<testsuite ignored="2" hostname="Loving-Husband" failures="1" tests="1" name="Surefire test" time="12.415" errors="0" timestamp="2023-07-26T23:06:43 EET">
  <testcase classname="Tests.SearchTest" name="googleSearch" time="12.373">
    <failure type="java.lang.AssertionError" message="expected [10] but found [9]">
      <![CDATA[java.lang.AssertionError: expected [10] but found [9]
at Tests.SearchTest.googleSearch(SearchTest.java:34)
at java.base/java.util.ArrayList.forEach(ArrayList.java:1511)
... Removed 37 stack frames]]>
    </failure>
  </testcase> <!-- googleSearch -->
  <testcase classname="Tests.TestBase" name="@AfterSuite clearUpEnvironment" time="0.0">
    <ignored/>
  </testcase> <!-- @AfterSuite clearUpEnvironment -->
  <testcase classname="Tests.TestBase" name="@BeforeSuite setUpEnvironment" time="0.0">
    <ignored/>
  </testcase> <!-- @BeforeSuite setUpEnvironment -->
</testsuite> <!-- Surefire test -->
